::1 - - [05/Apr/2019:13:27:44 +0000] "GET /products HTTP/1.1" 200 48 "-" "PostmanRuntime/7.6.1"
::1 - - [05/Apr/2019:13:28:31 +0000] "POST /products HTTP/1.1" 200 49 "-" "PostmanRuntime/7.6.1"
::1 - - [05/Apr/2019:13:28:46 +0000] "POST / HTTP/1.1" 404 33 "-" "PostmanRuntime/7.6.1"
::1 - - [05/Apr/2019:13:29:30 +0000] "PATCH /products/200 HTTP/1.1" 200 41 "-" "PostmanRuntime/7.6.1"
::1 - - [05/Apr/2019:13:39:35 +0000] "POST /products HTTP/1.1" 200 103 "-" "PostmanRuntime/7.6.1"
::1 - - [05/Apr/2019:13:40:25 +0000] "POST /orders HTTP/1.1" 201 73 "-" "PostmanRuntime/7.6.1"
::1 - - [05/Apr/2019:14:37:04 +0000] "POST /orders HTTP/1.1" - - "-" "PostmanRuntime/7.6.1"
::1 - - [05/Apr/2019:14:59:54 +0000] "POST /orders HTTP/1.1" - - "-" "PostmanRuntime/7.6.1"
::1 - - [07/Apr/2019:06:28:34 +0000] "POST /products HTTP/1.1" - - "-" "PostmanRuntime/7.6.1"
::1 - - [07/Apr/2019:06:32:02 +0000] "POST /products HTTP/1.1" - - "-" "PostmanRuntime/7.6.1"
::1 - - [07/Apr/2019:13:17:38 +0000] "POST /products HTTP/1.1" - - "-" "PostmanRuntime/7.6.1"
::1 - - [07/Apr/2019:16:17:52 +0000] "GET /products HTTP/1.1" - - "-" "PostmanRuntime/7.6.1"
::1 - - [07/Apr/2019:16:20:18 +0000] "GET /products HTTP/1.1" - - "-" "PostmanRuntime/7.6.1"
::1 - - [07/Apr/2019:16:24:32 +0000] "GET /products HTTP/1.1" - - "-" "PostmanRuntime/7.6.1"
::1 - - [07/Apr/2019:16:28:09 +0000] "GET /products HTTP/1.1" - - "-" "Mozilla/5.0 (Windows NT 10.0; Win64; x64) AppleWebKit/537.36 (KHTML, like Gecko) Chrome/64.0.3282.140 Safari/537.36 Edge/17.17134"
::1 - - [07/Apr/2019:16:29:59 +0000] "GET /products HTTP/1.1" - - "-" "Mozilla/5.0 (Windows NT 10.0; Win64; x64) AppleWebKit/537.36 (KHTML, like Gecko) Chrome/64.0.3282.140 Safari/537.36 Edge/17.17134"
::1 - - [07/Apr/2019:16:42:40 +0000] "GET /orders HTTP/1.1" - - "-" "PostmanRuntime/7.6.1"
::1 - - [07/Apr/2019:16:48:31 +0000] "GET /orders HTTP/1.1" - - "-" "PostmanRuntime/7.6.1"
::1 - - [07/Apr/2019:18:06:59 +0000] "GET /products HTTP/1.1" 200 48 "-" "PostmanRuntime/7.6.1"
::1 - - [07/Apr/2019:18:07:37 +0000] "GET /products HTTP/1.1" 200 48 "-" "PostmanRuntime/7.6.1"
::1 - - [07/Apr/2019:18:10:20 +0000] "GET /products HTTP/1.1" 500 46 "-" "PostmanRuntime/7.6.1"
::1 - - [07/Apr/2019:18:11:09 +0000] "GET /products HTTP/1.1" 200 144 "-" "PostmanRuntime/7.6.1"
::1 - - [08/Apr/2019:14:13:26 +0000] "GET /products HTTP/1.1" 200 97 "-" "PostmanRuntime/7.6.1"
::1 - - [08/Apr/2019:14:13:58 +0000] "DELETE /products/5caa35b20def3c3cec5c44af HTTP/1.1" 200 29 "-" "PostmanRuntime/7.6.1"
::1 - - [08/Apr/2019:14:21:34 +0000] "POST /products/ HTTP/1.1" 500 47 "-" "PostmanRuntime/7.6.1"
::1 - - [08/Apr/2019:14:22:25 +0000] "GET /products/ HTTP/1.1" 200 15 "-" "PostmanRuntime/7.6.1"
::1 - - [08/Apr/2019:14:22:34 +0000] "POST /products/ HTTP/1.1" 200 130 "-" "PostmanRuntime/7.6.1"
::1 - - [08/Apr/2019:14:23:52 +0000] "GET /products/ HTTP/1.1" 200 170 "-" "PostmanRuntime/7.6.1"
::1 - - [08/Apr/2019:14:27:46 +0000] "GET /products/ HTTP/1.1" 200 170 "-" "PostmanRuntime/7.6.1"
::1 - - [08/Apr/2019:14:27:54 +0000] "POST /products/ HTTP/1.1" 200 66 "-" "PostmanRuntime/7.6.1"
::1 - - [08/Apr/2019:14:28:14 +0000] "POST /products/ HTTP/1.1" 200 177 "-" "PostmanRuntime/7.6.1"
::1 - - [08/Apr/2019:14:28:43 +0000] "POST /products/ HTTP/1.1" 200 203 "-" "PostmanRuntime/7.6.1"
::1 - - [08/Apr/2019:14:28:53 +0000] "POST /products/ HTTP/1.1" 200 226 "-" "PostmanRuntime/7.6.1"
::1 - - [08/Apr/2019:14:29:02 +0000] "POST /products/ HTTP/1.1" 200 184 "-" "PostmanRuntime/7.6.1"
::1 - - [08/Apr/2019:14:29:12 +0000] "POST /products/ HTTP/1.1" 200 211 "-" "PostmanRuntime/7.6.1"
::1 - - [08/Apr/2019:14:29:21 +0000] "GET /products/ HTTP/1.1" 200 1108 "-" "PostmanRuntime/7.6.1"
::1 - - [08/Apr/2019:14:49:51 +0000] "GET /products/ HTTP/1.1" 200 1052 "-" "PostmanRuntime/7.6.1"
::1 - - [08/Apr/2019:15:16:22 +0000] "GET /products/ HTTP/1.1" 200 1685 "-" "PostmanRuntime/7.6.1"
::1 - - [08/Apr/2019:15:16:35 +0000] "GET /products/5cab59291639c636d8acaaaf HTTP/1.1" 200 159 "-" "PostmanRuntime/7.6.1"
::1 - - [08/Apr/2019:15:16:49 +0000] "GET /products/ HTTP/1.1" 200 1685 "-" "PostmanRuntime/7.6.1"
::1 - - [08/Apr/2019:15:18:57 +0000] "PATCH /products/5cab5a6aa96d541104d9b46f HTTP/1.1" 200 42 "-" "PostmanRuntime/7.6.1"
::1 - - [08/Apr/2019:15:19:02 +0000] "GET /products HTTP/1.1" 200 1633 "-" "PostmanRuntime/7.6.1"
::1 - - [08/Apr/2019:15:19:28 +0000] "DELETE /products/5cab5a6aa96d541104d9b46f HTTP/1.1" 200 29 "-" "PostmanRuntime/7.6.1"
::1 - - [08/Apr/2019:15:19:32 +0000] "GET /products/5cab5a6aa96d541104d9b46f HTTP/1.1" 409 31 "-" "PostmanRuntime/7.6.1"
::1 - - [08/Apr/2019:15:19:36 +0000] "GET /products/ HTTP/1.1" 200 1478 "-" "PostmanRuntime/7.6.1"
::1 - - [08/Apr/2019:17:06:29 +0000] "GET /products/ HTTP/1.1" 200 1502 "-" "PostmanRuntime/7.6.1"
::1 - - [08/Apr/2019:17:06:57 +0000] "GET /products/ HTTP/1.1" 200 1502 "-" "PostmanRuntime/7.6.1"
::1 - - [08/Apr/2019:17:08:42 +0000] "GET /products/ HTTP/1.1" 200 1502 "-" "PostmanRuntime/7.6.1"
::1 - - [08/Apr/2019:17:09:11 +0000] "GET /products/5cab59291639c636d8acaaaf HTTP/1.1" 200 159 "-" "PostmanRuntime/7.6.1"
::1 - - [09/Apr/2019:04:10:50 +0000] "GET /products/ HTTP/1.1" 200 1472 "-" "PostmanRuntime/7.6.1"
::1 - - [09/Apr/2019:04:11:01 +0000] "GET /products/5cab5aa5875d2838b8fd4f75 HTTP/1.1" 200 190 "-" "PostmanRuntime/7.6.1"
::1 - - [09/Apr/2019:04:11:49 +0000] "GET /products/5cab5aa5875d2838b8fd4f75 HTTP/1.1" 200 256 "-" "PostmanRuntime/7.6.1"
::1 - - [09/Apr/2019:04:12:44 +0000] "GET /products/5cab5aa5875d2838b8fd4f75 HTTP/1.1" 200 244 "-" "PostmanRuntime/7.6.1"
::1 - - [09/Apr/2019:04:12:53 +0000] "GET /products/ HTTP/1.1" 200 1472 "-" "PostmanRuntime/7.6.1"
::1 - - [09/Apr/2019:04:14:20 +0000] "POST /products/ HTTP/1.1" 500 342 "-" "PostmanRuntime/7.6.1"
::1 - - [09/Apr/2019:04:15:08 +0000] "POST /products/ HTTP/1.1" 201 266 "-" "PostmanRuntime/7.6.1"
::1 - - [09/Apr/2019:04:15:19 +0000] "GET /products/5cac1c4c5651ac36140a1587 HTTP/1.1" 200 189 "-" "PostmanRuntime/7.6.1"
::1 - - [09/Apr/2019:04:15:38 +0000] "PATCH /products/5cac1c4c5651ac36140a1587 HTTP/1.1" 500 12 "-" "PostmanRuntime/7.6.1"
::1 - - [09/Apr/2019:04:16:32 +0000] "PATCH /products/5cac1c4c5651ac36140a1587 HTTP/1.1" 500 12 "-" "PostmanRuntime/7.6.1"
::1 - - [09/Apr/2019:04:17:59 +0000] "PATCH /products/5cac1c4c5651ac36140a1587 HTTP/1.1" 200 427 "-" "PostmanRuntime/7.6.1"
::1 - - [09/Apr/2019:04:18:10 +0000] "GET /products/5cac1c4c5651ac36140a1587 HTTP/1.1" 200 140 "-" "PostmanRuntime/7.6.1"
::1 - - [09/Apr/2019:04:18:26 +0000] "DELETE /products/5cac1c4c5651ac36140a1587 HTTP/1.1" 200 138 "-" "PostmanRuntime/7.6.1"
::1 - - [09/Apr/2019:04:18:57 +0000] "GET /products/ HTTP/1.1" 200 1472 "-" "PostmanRuntime/7.6.1"
::1 - - [09/Apr/2019:04:19:30 +0000] "GET /products/ HTTP/1.1" 200 1472 "-" "PostmanRuntime/7.6.1"
::1 - - [09/Apr/2019:04:23:59 +0000] "GET /products/ HTTP/1.1" 200 1472 "-" "PostmanRuntime/7.6.1"
::1 - - [09/Apr/2019:05:06:57 +0000] "GET /orders/ HTTP/1.1" 200 23 "-" "PostmanRuntime/7.6.1"
::1 - - [09/Apr/2019:05:08:16 +0000] "GET /orders/ HTTP/1.1" 409 34 "-" "PostmanRuntime/7.6.1"
::1 - - [09/Apr/2019:05:10:50 +0000] "GET /products/ HTTP/1.1" 200 1472 "-" "PostmanRuntime/7.6.1"
::1 - - [09/Apr/2019:05:17:22 +0000] "GET /products/ HTTP/1.1" 200 1472 "-" "PostmanRuntime/7.6.1"
::1 - - [09/Apr/2019:05:17:52 +0000] "GET /products/ HTTP/1.1" 200 1472 "-" "PostmanRuntime/7.6.1"
::1 - - [09/Apr/2019:05:18:06 +0000] "POST /orders/ HTTP/1.1" 404 33 "-" "PostmanRuntime/7.6.1"
::1 - - [09/Apr/2019:05:20:48 +0000] "POST /orders/ HTTP/1.1" 500 52 "-" "PostmanRuntime/7.6.1"
::1 - - [09/Apr/2019:05:22:10 +0000] "POST /orders/ HTTP/1.1" 201 216 "-" "PostmanRuntime/7.6.1"
::1 - - [09/Apr/2019:05:22:26 +0000] "GET /orders/ HTTP/1.1" 200 189 "-" "PostmanRuntime/7.6.1"
::1 - - [09/Apr/2019:05:22:50 +0000] "GET /orders/ HTTP/1.1" 200 191 "-" "PostmanRuntime/7.6.1"
::1 - - [09/Apr/2019:05:23:33 +0000] "GET /orders/5cac2c0222212256f0b17452 HTTP/1.1" 200 144 "-" "PostmanRuntime/7.6.1"
::1 - - [09/Apr/2019:05:24:11 +0000] "PATCH /orders/5cac2c0222212256f0b17452 HTTP/1.1" 404 33 "-" "PostmanRuntime/7.6.1"
::1 - - [09/Apr/2019:05:24:34 +0000] "PATCH /orders/5cac2c0222212256f0b17452 HTTP/1.1" 200 219 "-" "PostmanRuntime/7.6.1"
::1 - - [09/Apr/2019:05:24:44 +0000] "PATCH /orders/5cac2c0222212256f0b17452 HTTP/1.1" 200 219 "-" "PostmanRuntime/7.6.1"
::1 - - [09/Apr/2019:05:25:01 +0000] "PATCH /orders/5cac2c0222212256f0b17452 HTTP/1.1" 200 219 "-" "PostmanRuntime/7.6.1"
::1 - - [09/Apr/2019:05:25:08 +0000] "GET /orders/5cac2c0222212256f0b17452 HTTP/1.1" 200 144 "-" "PostmanRuntime/7.6.1"
::1 - - [09/Apr/2019:05:25:29 +0000] "POST /orders/ HTTP/1.1" 201 216 "-" "PostmanRuntime/7.6.1"
::1 - - [09/Apr/2019:05:25:38 +0000] "POST /orders/ HTTP/1.1" 201 216 "-" "PostmanRuntime/7.6.1"
::1 - - [09/Apr/2019:05:25:49 +0000] "POST /orders/ HTTP/1.1" 201 216 "-" "PostmanRuntime/7.6.1"
::1 - - [09/Apr/2019:05:25:59 +0000] "POST /orders/ HTTP/1.1" 201 216 "-" "PostmanRuntime/7.6.1"
::1 - - [09/Apr/2019:05:26:07 +0000] "POST /orders/ HTTP/1.1" 201 216 "-" "PostmanRuntime/7.6.1"
::1 - - [09/Apr/2019:05:26:20 +0000] "POST /orders/ HTTP/1.1" 201 216 "-" "PostmanRuntime/7.6.1"
::1 - - [09/Apr/2019:05:26:30 +0000] "GET /orders/ HTTP/1.1" 200 1205 "-" "PostmanRuntime/7.6.1"
::1 - - [09/Apr/2019:05:41:59 +0000] "POST /products/ HTTP/1.1" 201 217 "-" "PostmanRuntime/7.6.1"
::1 - - [09/Apr/2019:05:46:07 +0000] "POST /products/ HTTP/1.1" 201 217 "-" "PostmanRuntime/7.6.1"
::1 - - [09/Apr/2019:05:46:53 +0000] "POST /products/ HTTP/1.1" 500 174 "-" "PostmanRuntime/7.6.1"
::1 - - [09/Apr/2019:05:48:57 +0000] "POST /products/ HTTP/1.1" 500 174 "-" "PostmanRuntime/7.6.1"
::1 - - [09/Apr/2019:05:50:42 +0000] "POST /products/ HTTP/1.1" 500 174 "-" "PostmanRuntime/7.6.1"
::1 - - [09/Apr/2019:05:55:17 +0000] "POST /products/ HTTP/1.1" 500 174 "-" "PostmanRuntime/7.6.1"
::1 - - [09/Apr/2019:05:57:19 +0000] "POST /products/ HTTP/1.1" 500 174 "-" "PostmanRuntime/7.6.1"
::1 - - [09/Apr/2019:06:02:40 +0000] "POST /products/ HTTP/1.1" 500 187 "-" "PostmanRuntime/7.6.1"
::1 - - [09/Apr/2019:06:03:18 +0000] "POST /products/ HTTP/1.1" 500 174 "-" "PostmanRuntime/7.6.1"
::1 - - [09/Apr/2019:06:03:48 +0000] "POST /products/ HTTP/1.1" 500 174 "-" "PostmanRuntime/7.6.1"
::1 - - [09/Apr/2019:06:04:02 +0000] "POST /products/ HTTP/1.1" 500 174 "-" "PostmanRuntime/7.6.1"
::1 - - [09/Apr/2019:06:04:38 +0000] "POST /products/ HTTP/1.1" 500 174 "-" "PostmanRuntime/7.6.1"
::1 - - [09/Apr/2019:06:04:41 +0000] "POST /products/ HTTP/1.1" 500 174 "-" "PostmanRuntime/7.6.1"
::1 - - [09/Apr/2019:06:08:31 +0000] "POST /products/ HTTP/1.1" 201 217 "-" "PostmanRuntime/7.6.1"
::1 - - [09/Apr/2019:06:09:25 +0000] "POST /products/ HTTP/1.1" 201 217 "-" "PostmanRuntime/7.6.1"
::1 - - [09/Apr/2019:06:09:37 +0000] "POST /products/ HTTP/1.1" 500 174 "-" "PostmanRuntime/7.6.1"
::1 - - [09/Apr/2019:06:11:20 +0000] "POST /products/ HTTP/1.1" 500 174 "-" "PostmanRuntime/7.6.1"
::1 - - [09/Apr/2019:06:12:14 +0000] "POST /products/ HTTP/1.1" 201 217 "-" "PostmanRuntime/7.6.1"
::1 - - [09/Apr/2019:06:15:09 +0000] "POST /products/ HTTP/1.1" 201 217 "-" "PostmanRuntime/7.6.1"
::1 - - [09/Apr/2019:06:16:50 +0000] "POST /products/ HTTP/1.1" 500 141 "-" "PostmanRuntime/7.6.1"
::1 - - [09/Apr/2019:06:17:11 +0000] "POST /products/ HTTP/1.1" 500 183 "-" "PostmanRuntime/7.6.1"
::1 - - [09/Apr/2019:06:34:27 +0000] "POST /products/ HTTP/1.1" 500 182 "-" "PostmanRuntime/7.6.1"
::1 - - [09/Apr/2019:06:35:16 +0000] "POST /products/ HTTP/1.1" 500 182 "-" "PostmanRuntime/7.6.1"
::1 - - [09/Apr/2019:06:35:38 +0000] "POST /products/ HTTP/1.1" 201 217 "-" "PostmanRuntime/7.6.1"
::1 - - [09/Apr/2019:06:37:29 +0000] "POST /products/ HTTP/1.1" 500 175 "-" "PostmanRuntime/7.6.1"
::1 - - [09/Apr/2019:06:38:24 +0000] "POST /products/ HTTP/1.1" 500 150 "-" "PostmanRuntime/7.6.1"
::ffff:127.0.0.1 - - [09/Apr/2019:06:38:42 +0000] "POST /products/ HTTP/1.1" 500 150 "-" "PostmanRuntime/7.6.1"
::1 - - [09/Apr/2019:06:39:04 +0000] "POST /products/ HTTP/1.1" 201 217 "-" "PostmanRuntime/7.6.1"
::1 - - [09/Apr/2019:06:40:03 +0000] "POST /products/ HTTP/1.1" 500 145 "-" "PostmanRuntime/7.6.1"
::1 - - [09/Apr/2019:06:40:41 +0000] "POST /products/ HTTP/1.1" 500 145 "-" "PostmanRuntime/7.6.1"
::ffff:127.0.0.1 - - [09/Apr/2019:06:43:07 +0000] "POST /products/ HTTP/1.1" 500 174 "-" "PostmanRuntime/7.6.1"
::1 - - [09/Apr/2019:06:48:55 +0000] "POST /products/ HTTP/1.1" 201 217 "-" "PostmanRuntime/7.6.1"
::1 - - [09/Apr/2019:06:53:36 +0000] "GET /products/ HTTP/1.1" 200 2949 "-" "PostmanRuntime/7.6.1"
::1 - - [09/Apr/2019:06:54:28 +0000] "GET /products/ HTTP/1.1" 200 2949 "-" "PostmanRuntime/7.6.1"
::1 - - [09/Apr/2019:06:54:37 +0000] "POST /products/ HTTP/1.1" 201 301 "-" "PostmanRuntime/7.6.1"
::1 - - [09/Apr/2019:06:54:48 +0000] "GET /products/ HTTP/1.1" 200 3197 "-" "PostmanRuntime/7.6.1"
::1 - - [09/Apr/2019:06:56:36 +0000] "POST /products/ HTTP/1.1" 201 300 "-" "PostmanRuntime/7.6.1"
::1 - - [09/Apr/2019:06:56:46 +0000] "GET /products/ HTTP/1.1" 200 3444 "-" "PostmanRuntime/7.6.1"
::1 - - [09/Apr/2019:06:58:24 +0000] "GET /uploads/2019-04-09T06_56_30_403Z_WIN_20190408_20_07_02_Pro.jpg HTTP/1.1" 404 33 "-" "Mozilla/5.0 (Windows NT 10.0; Win64; x64) AppleWebKit/537.36 (KHTML, like Gecko) Chrome/64.0.3282.140 Safari/537.36 Edge/17.17134"
::1 - - [09/Apr/2019:06:59:31 +0000] "GET /uploads/2019-04-09T06_56_30_403Z_WIN_20190408_20_07_02_Pro.jpg HTTP/1.1" 200 144533 "-" "Mozilla/5.0 (Windows NT 10.0; Win64; x64) AppleWebKit/537.36 (KHTML, like Gecko) Chrome/64.0.3282.140 Safari/537.36 Edge/17.17134"
::1 - - [09/Apr/2019:12:06:05 +0000] "GET /signup/ HTTP/1.1" 201 26 "-" "PostmanRuntime/7.6.1"
::1 - - [09/Apr/2019:12:06:22 +0000] "GET /signup/ HTTP/1.1" 500 184 "-" "PostmanRuntime/7.6.1"
::1 - - [09/Apr/2019:12:09:37 +0000] "POST /signup/ HTTP/1.1" 500 184 "-" "PostmanRuntime/7.6.1"
::1 - - [09/Apr/2019:12:09:47 +0000] "POST /signup/ HTTP/1.1" 201 26 "-" "PostmanRuntime/7.6.1"
::1 - - [09/Apr/2019:12:09:50 +0000] "POST /signup/ HTTP/1.1" 500 183 "-" "PostmanRuntime/7.6.1"
::1 - - [09/Apr/2019:12:18:12 +0000] "GET /signup/ HTTP/1.1" 200 290 "-" "PostmanRuntime/7.6.1"
::1 - - [09/Apr/2019:12:19:57 +0000] "GET /signup/ HTTP/1.1" 200 280 "-" "PostmanRuntime/7.6.1"
::1 - - [09/Apr/2019:12:20:28 +0000] "GET /signup/ HTTP/1.1" 200 280 "-" "PostmanRuntime/7.6.1"
::1 - - [09/Apr/2019:12:20:47 +0000] "GET /signup/5cac8aadb8d6755004fd69cd HTTP/1.1" 200 139 "-" "PostmanRuntime/7.6.1"
::1 - - [09/Apr/2019:12:21:07 +0000] "GET /signup/5cac8aadb8d6755004fd69cd HTTP/1.1" 200 139 "-" "PostmanRuntime/7.6.1"
::1 - - [09/Apr/2019:12:21:33 +0000] "GET /signup/ HTTP/1.1" 200 280 "-" "PostmanRuntime/7.6.1"
::1 - - [09/Apr/2019:12:21:40 +0000] "GET /signup/5cac8b8b3df0442ed810d831 HTTP/1.1" 200 138 "-" "PostmanRuntime/7.6.1"
::1 - - [09/Apr/2019:12:21:59 +0000] "DELETE /signup/5cac8b8b3df0442ed810d831 HTTP/1.1" 200 26 "-" "PostmanRuntime/7.6.1"
::1 - - [09/Apr/2019:12:22:01 +0000] "DELETE /signup/5cac8b8b3df0442ed810d831 HTTP/1.1" 200 26 "-" "PostmanRuntime/7.6.1"
::1 - - [09/Apr/2019:12:22:20 +0000] "DELETE /signup/5cac8b8b3df0442ed810d831 HTTP/1.1" 200 26 "-" "PostmanRuntime/7.6.1"
::1 - - [09/Apr/2019:12:22:22 +0000] "DELETE /signup/5cac8b8b3df0442ed810d831 HTTP/1.1" 200 26 "-" "PostmanRuntime/7.6.1"
::1 - - [09/Apr/2019:12:22:25 +0000] "DELETE /signup/ HTTP/1.1" 404 33 "-" "PostmanRuntime/7.6.1"
::1 - - [09/Apr/2019:12:22:30 +0000] "GET /signup/ HTTP/1.1" 200 141 "-" "PostmanRuntime/7.6.1"
::1 - - [09/Apr/2019:12:22:41 +0000] "POST /signup/ HTTP/1.1" 201 163 "-" "PostmanRuntime/7.6.1"
::1 - - [09/Apr/2019:12:22:47 +0000] "GET /signup/ HTTP/1.1" 200 280 "-" "PostmanRuntime/7.6.1"
::1 - - [09/Apr/2019:12:25:35 +0000] "POST /signup/ HTTP/1.1" 500 459 "-" "PostmanRuntime/7.6.1"
::1 - - [09/Apr/2019:12:25:51 +0000] "POST /signup/ HTTP/1.1" 201 161 "-" "PostmanRuntime/7.6.1"
::1 - - [09/Apr/2019:12:25:59 +0000] "POST /signup/ HTTP/1.1" 500 181 "-" "PostmanRuntime/7.6.1"
::1 - - [11/Apr/2019:10:54:15 +0000] "POST /users/login/ HTTP/1.1" 404 28 "-" "PostmanRuntime/7.6.1"
::1 - - [11/Apr/2019:10:54:37 +0000] "POST /users/login/ HTTP/1.1" 404 28 "-" "PostmanRuntime/7.6.1"
::1 - - [11/Apr/2019:10:55:17 +0000] "POST /users/login/ HTTP/1.1" 404 28 "-" "PostmanRuntime/7.6.1"
::1 - - [11/Apr/2019:10:56:38 +0000] "GET /users/ HTTP/1.1" 200 417 "-" "PostmanRuntime/7.6.1"
::1 - - [11/Apr/2019:10:57:29 +0000] "POST /users/login/ HTTP/1.1" 200 29 "-" "PostmanRuntime/7.6.1"
::1 - - [11/Apr/2019:10:58:14 +0000] "POST /users/login/ HTTP/1.1" 200 29 "-" "PostmanRuntime/7.6.1"
::1 - - [11/Apr/2019:10:58:20 +0000] "POST /users/login/ HTTP/1.1" 404 25 "-" "PostmanRuntime/7.6.1"
::1 - - [11/Apr/2019:10:58:35 +0000] "POST /users/login/ HTTP/1.1" 200 29 "-" "PostmanRuntime/7.6.1"
::1 - - [11/Apr/2019:11:10:02 +0000] "POST /users/login/ HTTP/1.1" 200 257 "-" "PostmanRuntime/7.6.1"
::1 - - [11/Apr/2019:11:10:16 +0000] "POST /users/login/ HTTP/1.1" 404 28 "-" "PostmanRuntime/7.6.1"
::1 - - [11/Apr/2019:11:10:26 +0000] "POST /users/login/ HTTP/1.1" 404 25 "-" "PostmanRuntime/7.6.1"
::1 - - [11/Apr/2019:11:10:38 +0000] "POST /users/login/ HTTP/1.1" 200 257 "-" "PostmanRuntime/7.6.1"
::1 - - [11/Apr/2019:11:57:51 +0000] "POST /users/login/ HTTP/1.1" 200 257 "-" "PostmanRuntime/7.6.1"
::1 - - [11/Apr/2019:11:59:16 +0000] "POST /products/ HTTP/1.1" 500 71 "-" "PostmanRuntime/7.6.1"
::1 - - [11/Apr/2019:12:00:09 +0000] "POST /products/ HTTP/1.1" 201 306 "-" "PostmanRuntime/7.6.1"
::1 - - [11/Apr/2019:12:00:18 +0000] "GET /products/ HTTP/1.1" 200 3697 "-" "PostmanRuntime/7.6.1"
::1 - - [11/Apr/2019:12:00:43 +0000] "POST /products/ HTTP/1.1" 404 25 "-" "PostmanRuntime/7.6.1"
::1 - - [11/Apr/2019:12:01:02 +0000] "POST /products/ HTTP/1.1" 201 295 "-" "PostmanRuntime/7.6.1"
::1 - - [11/Apr/2019:12:07:59 +0000] "POST /products/ HTTP/1.1" 500 46 "-" "PostmanRuntime/7.6.1"
::1 - - [11/Apr/2019:12:10:18 +0000] "POST /products/ HTTP/1.1" 201 299 "-" "PostmanRuntime/7.6.1"
::1 - - [11/Apr/2019:12:10:25 +0000] "GET /products/ HTTP/1.1" 200 4185 "-" "PostmanRuntime/7.6.1"
::1 - - [11/Apr/2019:12:10:49 +0000] "PATCH /products/5cab59291639c636d8acaaaf HTTP/1.1" 200 427 "-" "PostmanRuntime/7.6.1"
::1 - - [11/Apr/2019:12:10:59 +0000] "GET /products/ HTTP/1.1" 200 4097 "-" "PostmanRuntime/7.6.1"
::1 - - [11/Apr/2019:12:11:55 +0000] "GET /products/5cab59291639c636d8acaaaf HTTP/1.1" 200 125 "-" "PostmanRuntime/7.6.1"
::1 - - [11/Apr/2019:12:12:06 +0000] "PATCH /products/5cab59291639c636d8acaaaf HTTP/1.1" 200 427 "-" "PostmanRuntime/7.6.1"
::1 - - [11/Apr/2019:12:12:22 +0000] "GET /products/5cab59291639c636d8acaaaf HTTP/1.1" 200 133 "-" "PostmanRuntime/7.6.1"
::1 - - [11/Apr/2019:12:12:31 +0000] "GET /products/ HTTP/1.1" 200 4105 "-" "PostmanRuntime/7.6.1"
::1 - - [11/Apr/2019:12:12:40 +0000] "DELETE /products/5cab59291639c636d8acaaaf HTTP/1.1" 200 138 "-" "PostmanRuntime/7.6.1"
::1 - - [11/Apr/2019:12:12:47 +0000] "GET /products/ HTTP/1.1" 200 3948 "-" "PostmanRuntime/7.6.1"
::ffff:127.0.0.1 - - [11/Apr/2019:12:18:28 +0000] "GET /products/ HTTP/1.1" 200 3948 "-" "PostmanRuntime/7.6.1"
::1 - - [11/Apr/2019:12:18:56 +0000] "GET /products/ HTTP/1.1" 200 3948 "-" "PostmanRuntime/7.6.1"
::1 - - [11/Apr/2019:12:19:13 +0000] "POST /signup/ HTTP/1.1" 404 33 "-" "PostmanRuntime/7.6.1"
::1 - - [11/Apr/2019:12:19:25 +0000] "POST /login/ HTTP/1.1" 404 33 "-" "PostmanRuntime/7.6.1"
::1 - - [11/Apr/2019:12:19:40 +0000] "POST /signup/ HTTP/1.1" 404 33 "-" "PostmanRuntime/7.6.1"
::1 - - [11/Apr/2019:12:20:03 +0000] "POST /users/signup/ HTTP/1.1" 201 166 "-" "PostmanRuntime/7.6.1"
::1 - - [11/Apr/2019:12:20:15 +0000] "POST /users/login/ HTTP/1.1" 200 260 "-" "PostmanRuntime/7.6.1"
::1 - - [11/Apr/2019:12:25:13 +0000] "GET /orders/ HTTP/1.1" 404 25 "-" "PostmanRuntime/7.6.1"
::1 - - [11/Apr/2019:12:25:29 +0000] "POST /users/login/ HTTP/1.1" 200 260 "-" "PostmanRuntime/7.6.1"
::1 - - [11/Apr/2019:12:25:59 +0000] "GET /orders/ HTTP/1.1" 200 1205 "-" "PostmanRuntime/7.6.1"
::1 - - [11/Apr/2019:12:26:18 +0000] "GET /orders/5cac2c0222212256f0b17452 HTTP/1.1" 200 144 "-" "PostmanRuntime/7.6.1"
::1 - - [11/Apr/2019:12:27:00 +0000] "POST /orders/ HTTP/1.1" 201 218 "-" "PostmanRuntime/7.6.1"
::1 - - [11/Apr/2019:12:27:11 +0000] "GET /orders/ HTTP/1.1" 200 1376 "-" "PostmanRuntime/7.6.1"
::1 - - [11/Apr/2019:12:27:20 +0000] "GET /orders/5caf329377fcb03db8dbb5c4 HTTP/1.1" 200 146 "-" "PostmanRuntime/7.6.1"
::1 - - [11/Apr/2019:12:27:43 +0000] "PATCH /orders/5caf329377fcb03db8dbb5c4 HTTP/1.1" 200 219 "-" "PostmanRuntime/7.6.1"
::1 - - [11/Apr/2019:12:27:51 +0000] "GET /orders/5caf329377fcb03db8dbb5c4 HTTP/1.1" 200 146 "-" "PostmanRuntime/7.6.1"
::1 - - [11/Apr/2019:12:27:54 +0000] "GET /orders/ HTTP/1.1" 200 1376 "-" "PostmanRuntime/7.6.1"
::1 - - [11/Apr/2019:12:28:30 +0000] "DELETE /orders/5caf329377fcb03db8dbb5c4 HTTP/1.1" 404 33 "-" "PostmanRuntime/7.6.1"
::1 - - [11/Apr/2019:12:28:39 +0000] "GET /orders/5caf329377fcb03db8dbb5c4 HTTP/1.1" 200 146 "-" "PostmanRuntime/7.6.1"
::1 - - [07/May/2019:07:54:50 +0000] "GET / HTTP/1.1" 404 33 "-" "Mozilla/5.0 (Windows NT 10.0; Win64; x64) AppleWebKit/537.36 (KHTML, like Gecko) Chrome/64.0.3282.140 Safari/537.36 Edge/17.17134"
::1 - - [07/May/2019:07:54:59 +0000] "GET / HTTP/1.1" 404 33 "-" "Mozilla/5.0 (Windows NT 10.0; Win64; x64) AppleWebKit/537.36 (KHTML, like Gecko) Chrome/64.0.3282.140 Safari/537.36 Edge/17.17134"
::1 - - [07/May/2019:07:57:30 +0000] "GET /orders/5caf329377fcb03db8dbb5c4 HTTP/1.1" 404 25 "-" "PostmanRuntime/7.6.1"
::1 - - [07/May/2019:07:57:58 +0000] "POST /users/login/ HTTP/1.1" 200 260 "-" "PostmanRuntime/7.6.1"
::1 - - [07/May/2019:07:58:17 +0000] "GET /orders/5caf329377fcb03db8dbb5c4 HTTP/1.1" 200 146 "-" "PostmanRuntime/7.6.1"
::1 - - [01/Nov/2019:06:45:30 +0000] "GET / HTTP/1.1" 404 33 "-" "PostmanRuntime/7.19.0"
::1 - - [01/Nov/2019:06:46:31 +0000] "GET /products/ HTTP/1.1" 200 3948 "-" "PostmanRuntime/7.19.0"
::1 - - [01/Nov/2019:06:47:32 +0000] "GET /products/5cab5a9b875d2838b8fd4f74 HTTP/1.1" 200 221 "-" "PostmanRuntime/7.19.0"
::1 - - [01/Nov/2019:06:47:32 +0000] "GET / HTTP/1.1" 404 33 "-" "Mozilla/5.0 (Windows NT 10.0; Win64; x64) AppleWebKit/537.36 (KHTML, like Gecko) Chrome/78.0.3904.70 Safari/537.36"
::1 - - [01/Nov/2019:06:47:32 +0000] "GET /favicon.ico HTTP/1.1" 404 33 "http://localhost:3001/" "Mozilla/5.0 (Windows NT 10.0; Win64; x64) AppleWebKit/537.36 (KHTML, like Gecko) Chrome/78.0.3904.70 Safari/537.36"
::1 - - [01/Nov/2019:06:47:41 +0000] "GET /products/ HTTP/1.1" 200 3948 "-" "PostmanRuntime/7.19.0"
::1 - - [01/Nov/2019:06:48:15 +0000] "GET /users/ HTTP/1.1" 200 559 "-" "PostmanRuntime/7.19.0"
::1 - - [01/Nov/2019:06:49:09 +0000] "POST /login/ HTTP/1.1" 404 33 "-" "PostmanRuntime/7.19.0"
::1 - - [01/Nov/2019:06:49:29 +0000] "GET /users/ HTTP/1.1" 200 559 "-" "PostmanRuntime/7.19.0"
::1 - - [01/Nov/2019:06:49:50 +0000] "GET /users/ HTTP/1.1" 200 559 "-" "PostmanRuntime/7.19.0"
::1 - - [01/Nov/2019:06:51:18 +0000] "POST /signup/ HTTP/1.1" 404 33 "-" "PostmanRuntime/7.19.0"
::1 - - [01/Nov/2019:06:51:59 +0000] "GET /users/ HTTP/1.1" 200 559 "-" "PostmanRuntime/7.19.0"
::1 - - [01/Nov/2019:06:53:24 +0000] "POST /signup/ HTTP/1.1" 404 33 "-" "PostmanRuntime/7.19.0"
::1 - - [01/Nov/2019:06:56:50 +0000] "POST /signup/ HTTP/1.1" 404 33 "-" "PostmanRuntime/7.19.0"
::1 - - [01/Nov/2019:06:57:51 +0000] "POST /signup/ HTTP/1.1" 404 33 "-" "PostmanRuntime/7.19.0"
::1 - - [01/Nov/2019:07:03:56 +0000] "POST /login/ HTTP/1.1" 404 33 "-" "PostmanRuntime/7.19.0"
::1 - - [01/Nov/2019:07:04:12 +0000] "POST /login/ HTTP/1.1" 404 33 "-" "PostmanRuntime/7.19.0"
::1 - - [01/Nov/2019:07:06:26 +0000] "POST /login/ HTTP/1.1" 404 33 "-" "PostmanRuntime/7.19.0"
::1 - - [01/Nov/2019:07:06:50 +0000] "POST /login/ HTTP/1.1" 404 33 "-" "PostmanRuntime/7.19.0"
::1 - - [01/Nov/2019:07:06:58 +0000] "POST /login/ HTTP/1.1" 404 33 "-" "PostmanRuntime/7.19.0"
::1 - - [01/Nov/2019:07:07:09 +0000] "GET /users/ HTTP/1.1" 200 559 "-" "PostmanRuntime/7.19.0"
::1 - - [01/Nov/2019:07:07:50 +0000] "POST /login/ HTTP/1.1" 404 33 "-" "PostmanRuntime/7.19.0"
::1 - - [01/Nov/2019:07:08:17 +0000] "POST /login/ HTTP/1.1" 404 33 "-" "PostmanRuntime/7.19.0"
::1 - - [01/Nov/2019:07:09:30 +0000] "POST /signup/ HTTP/1.1" 404 33 "-" "PostmanRuntime/7.19.0"
::1 - - [01/Nov/2019:07:09:47 +0000] "GET /users/ HTTP/1.1" 200 559 "-" "PostmanRuntime/7.19.0"
::1 - - [01/Nov/2019:07:16:19 +0000] "POST /signup/ HTTP/1.1" 404 33 "-" "PostmanRuntime/7.19.0"
::1 - - [01/Nov/2019:07:26:39 +0000] "POST /signup/ HTTP/1.1" 404 33 "-" "PostmanRuntime/7.19.0"
::1 - - [01/Nov/2019:07:30:13 +0000] "POST /signup/ HTTP/1.1" 404 33 "-" "PostmanRuntime/7.19.0"
::1 - - [01/Nov/2019:07:31:08 +0000] "POST /signup/ HTTP/1.1" 404 33 "-" "PostmanRuntime/7.19.0"
::1 - - [01/Nov/2019:07:31:21 +0000] "POST /signup HTTP/1.1" 404 33 "-" "PostmanRuntime/7.19.0"
::1 - - [01/Nov/2019:07:32:24 +0000] "POST /signup HTTP/1.1" 404 33 "-" "PostmanRuntime/7.19.0"
::1 - - [01/Nov/2019:07:33:27 +0000] "POST /users/signup HTTP/1.1" 409 12 "-" "PostmanRuntime/7.19.0"
::1 - - [01/Nov/2019:07:33:54 +0000] "POST /users/signup HTTP/1.1" 409 12 "-" "PostmanRuntime/7.19.0"
::1 - - [01/Nov/2019:07:34:39 +0000] "POST /users/signup HTTP/1.1" 409 12 "-" "PostmanRuntime/7.19.0"
::1 - - [01/Nov/2019:07:34:46 +0000] "GET /users/ HTTP/1.1" 200 559 "-" "PostmanRuntime/7.19.0"
::1 - - [01/Nov/2019:07:34:58 +0000] "POST /users/signup/ HTTP/1.1" 409 12 "-" "PostmanRuntime/7.19.0"
::1 - - [01/Nov/2019:07:35:13 +0000] "POST /users/signup/ HTTP/1.1" 409 12 "-" "PostmanRuntime/7.19.0"
::1 - - [01/Nov/2019:07:38:44 +0000] "POST /users/signup/ HTTP/1.1" 409 12 "-" "PostmanRuntime/7.19.0"
::1 - - [01/Nov/2019:07:39:11 +0000] "POST /users/signup/ HTTP/1.1" 409 12 "-" "PostmanRuntime/7.19.0"
::1 - - [01/Nov/2019:07:39:54 +0000] "POST /users/signup/ HTTP/1.1" 409 12 "-" "PostmanRuntime/7.19.0"
::1 - - [01/Nov/2019:07:40:29 +0000] "POST /users/signup/ HTTP/1.1" 201 171 "-" "PostmanRuntime/7.19.0"
::1 - - [01/Nov/2019:07:41:01 +0000] "POST /users/login/ HTTP/1.1" 200 267 "-" "PostmanRuntime/7.19.0"
::1 - - [01/Nov/2019:07:47:46 +0000] "POST /products/ HTTP/1.1" 404 25 "-" "PostmanRuntime/7.19.0"
::1 - - [01/Nov/2019:07:49:05 +0000] "POST /products/ HTTP/1.1" 500 71 "-" "PostmanRuntime/7.19.0"
::1 - - [01/Nov/2019:07:51:21 +0000] "POST /products/ HTTP/1.1" 500 64 "-" "PostmanRuntime/7.19.0"
::1 - - [01/Nov/2019:07:51:33 +0000] "POST /products/ HTTP/1.1" 500 64 "-" "PostmanRuntime/7.19.0"
::1 - - [01/Nov/2019:07:52:11 +0000] "POST /products/ HTTP/1.1" 500 64 "-" "PostmanRuntime/7.19.0"
::1 - - [01/Nov/2019:07:53:24 +0000] "POST /products/ HTTP/1.1" 500 71 "-" "PostmanRuntime/7.19.0"
::1 - - [01/Nov/2019:07:53:49 +0000] "POST /products/ HTTP/1.1" 500 71 "-" "PostmanRuntime/7.19.0"
::1 - - [01/Nov/2019:07:54:09 +0000] "POST /products/ HTTP/1.1" 201 289 "-" "PostmanRuntime/7.19.0"
::1 - - [01/Nov/2019:07:56:52 +0000] "POST /products/ HTTP/1.1" 201 272 "-" "PostmanRuntime/7.19.0"
::1 - - [01/Nov/2019:07:57:08 +0000] "GET /products/5dbbe543c9dc0b3b08f99161 HTTP/1.1" 200 195 "-" "PostmanRuntime/7.19.0"
::1 - - [01/Nov/2019:07:57:17 +0000] "GET /2019-11-01T07_53_19_984Z_732456.jpg HTTP/1.1" 404 33 "-" "PostmanRuntime/7.19.0"
::1 - - [01/Nov/2019:07:57:48 +0000] "GET /2019-11-01T07_53_19_984Z_732456.jpg HTTP/1.1" 404 33 "-" "PostmanRuntime/7.19.0"
::1 - - [01/Nov/2019:07:58:14 +0000] "GET /products/ HTTP/1.1" 200 4403 "-" "PostmanRuntime/7.19.0"
